2019-11-22T20:00:25+00:00 CRITICAL Uncaught Error: Cannot use object of type stdClass as array in C:\xampp7\htdocs\rodin\wp-content\themes\rodin\functions\menus.php:29
Stack trace:
#0 C:\xampp7\htdocs\rodin\wp-includes\class-wp-hook.php(288): armix_main_menu_icons(Array, Object(stdClass))
#1 C:\xampp7\htdocs\rodin\wp-includes\plugin.php(206): WP_Hook->apply_filters(Array, Array)
#2 C:\xampp7\htdocs\rodin\wp-includes\nav-menu-template.php(215): apply_filters('wp_nav_menu_obj...', Array, Object(stdClass))
#3 C:\xampp7\htdocs\rodin\wp-content\themes\rodin\parts\molecules\main-menu.php(17): wp_nav_menu(Object(stdClass))
#4 C:\xampp7\htdocs\rodin\wp-content\themes\rodin\parts\organisms\header.php(15): include('C:\\xampp7\\htdoc...')
#5 C:\xampp7\htdocs\rodin\wp-content\themes\rodin\header.php(22): include('C:\\xampp7\\htdoc...')
#6 C:\xampp7\htdocs\rodin\wp-includes\template.php(722): require_once('C:\\xampp7\\htdoc...')
#7 C:\xampp7\htdocs\rodin\wp-includes\template.php(671): load_template('C:\\xampp7\\htdoc...', true)
#8 C:\xampp7\htdocs\rodin\wp en C:\xampp7\htdocs\rodin\wp-content\themes\rodin\functions\menus.php en la línea 29

2019-11-22T20:00:27+00:00 CRITICAL Uncaught Error: Cannot use object of type stdClass as array in C:\xampp7\htdocs\rodin\wp-content\themes\rodin\functions\menus.php:29
Stack trace:
#0 C:\xampp7\htdocs\rodin\wp-includes\class-wp-hook.php(288): armix_main_menu_icons(Array, Object(stdClass))
#1 C:\xampp7\htdocs\rodin\wp-includes\plugin.php(206): WP_Hook->apply_filters(Array, Array)
#2 C:\xampp7\htdocs\rodin\wp-includes\nav-menu-template.php(215): apply_filters('wp_nav_menu_obj...', Array, Object(stdClass))
#3 C:\xampp7\htdocs\rodin\wp-content\themes\rodin\parts\molecules\main-menu.php(17): wp_nav_menu(Object(stdClass))
#4 C:\xampp7\htdocs\rodin\wp-content\themes\rodin\parts\organisms\header.php(15): include('C:\\xampp7\\htdoc...')
#5 C:\xampp7\htdocs\rodin\wp-content\themes\rodin\header.php(22): include('C:\\xampp7\\htdoc...')
#6 C:\xampp7\htdocs\rodin\wp-includes\template.php(722): require_once('C:\\xampp7\\htdoc...')
#7 C:\xampp7\htdocs\rodin\wp-includes\template.php(671): load_template('C:\\xampp7\\htdoc...', true)
#8 C:\xampp7\htdocs\rodin\wp en C:\xampp7\htdocs\rodin\wp-content\themes\rodin\functions\menus.php en la línea 29

2019-11-22T20:06:28+00:00 CRITICAL syntax error, unexpected '$icon' (T_VARIABLE), expecting ')' en C:\xampp7\htdocs\rodin\wp-content\themes\rodin\functions\menus.php en la línea 32

2019-11-22T20:48:35+00:00 CRITICAL Uncaught ArgumentCountError: Too few arguments to function wp_get_nav_menu_items(), 0 passed in C:\xampp7\htdocs\rodin\wp-content\themes\rodin\parts\molecules\category-menu.php on line 24 and at least 1 expected in C:\xampp7\htdocs\rodin\wp-includes\nav-menu.php:672
Stack trace:
#0 C:\xampp7\htdocs\rodin\wp-content\themes\rodin\parts\molecules\category-menu.php(24): wp_get_nav_menu_items()
#1 C:\xampp7\htdocs\rodin\wp-content\themes\rodin\parts\organisms\header.php(16): include('C:\\xampp7\\htdoc...')
#2 C:\xampp7\htdocs\rodin\wp-content\themes\rodin\header.php(22): include('C:\\xampp7\\htdoc...')
#3 C:\xampp7\htdocs\rodin\wp-includes\template.php(722): require_once('C:\\xampp7\\htdoc...')
#4 C:\xampp7\htdocs\rodin\wp-includes\template.php(671): load_template('C:\\xampp7\\htdoc...', true)
#5 C:\xampp7\htdocs\rodin\wp-includes\general-template.php(41): locate_template(Array, true)
#6 C:\xampp7\htdocs\rodin\wp-content\themes\rodin\index.php(1): get_header()
#7 C:\xampp7\htdocs\rodin\wp-includes\template-loader. en C:\xampp7\htdocs\rodin\wp-includes\nav-menu.php en la línea 672

2019-11-22T20:49:34+00:00 CRITICAL Uncaught ArgumentCountError: Too few arguments to function wp_get_nav_menu_items(), 0 passed in C:\xampp7\htdocs\rodin\wp-content\themes\rodin\parts\molecules\category-menu.php on line 24 and at least 1 expected in C:\xampp7\htdocs\rodin\wp-includes\nav-menu.php:672
Stack trace:
#0 C:\xampp7\htdocs\rodin\wp-content\themes\rodin\parts\molecules\category-menu.php(24): wp_get_nav_menu_items()
#1 C:\xampp7\htdocs\rodin\wp-content\themes\rodin\parts\organisms\header.php(16): include('C:\\xampp7\\htdoc...')
#2 C:\xampp7\htdocs\rodin\wp-content\themes\rodin\header.php(22): include('C:\\xampp7\\htdoc...')
#3 C:\xampp7\htdocs\rodin\wp-includes\template.php(722): require_once('C:\\xampp7\\htdoc...')
#4 C:\xampp7\htdocs\rodin\wp-includes\template.php(671): load_template('C:\\xampp7\\htdoc...', true)
#5 C:\xampp7\htdocs\rodin\wp-includes\general-template.php(41): locate_template(Array, true)
#6 C:\xampp7\htdocs\rodin\wp-content\themes\rodin\index.php(1): get_header()
#7 C:\xampp7\htdocs\rodin\wp-includes\template-loader. en C:\xampp7\htdocs\rodin\wp-includes\nav-menu.php en la línea 672

